0 verbose cli C:\Program Files\nodejs\node.exe C:\Users\shiys_w\AppData\Roaming\npm\node_modules\npm\bin\npm-cli.js
1 info using npm@10.2.5
2 info using node@v20.10.0
3 timing npm:load:whichnode Completed in 2ms
4 timing config:load:defaults Completed in 1ms
5 timing config:load:file:C:\Users\shiys_w\AppData\Roaming\npm\node_modules\npm\npmrc Completed in 2ms
6 timing config:load:builtin Completed in 2ms
7 timing config:load:cli Completed in 2ms
8 timing config:load:env Completed in 1ms
9 timing config:load:file:E:\my-bodypix-project\.npmrc Completed in 0ms
10 timing config:load:project Completed in 5ms
11 timing config:load:file:C:\Users\shiys_w\.npmrc Completed in 0ms
12 timing config:load:user Completed in 0ms
13 timing config:load:file:C:\Users\shiys_w\AppData\Roaming\npm\etc\npmrc Completed in 1ms
14 timing config:load:global Completed in 1ms
15 timing config:load:setEnvs Completed in 0ms
16 timing config:load Completed in 13ms
17 timing npm:load:configload Completed in 13ms
18 timing config:load:flatten Completed in 1ms
19 timing npm:load:mkdirpcache Completed in 1ms
20 timing npm:load:mkdirplogs Completed in 0ms
21 verbose title npm install @tensorflow/tfjs-node
22 verbose argv "install" "@tensorflow/tfjs-node" "--legacy-peer-deps"
23 timing npm:load:setTitle Completed in 0ms
24 timing npm:load:display Completed in 1ms
25 verbose logfile logs-max:10 dir:C:\Users\shiys_w\AppData\Local\npm-cache\_logs\2023-12-14T06_22_23_023Z-
26 verbose logfile C:\Users\shiys_w\AppData\Local\npm-cache\_logs\2023-12-14T06_22_23_023Z-debug-0.log
27 timing npm:load:logFile Completed in 9ms
28 timing npm:load:timers Completed in 0ms
29 timing npm:load:configScope Completed in 0ms
30 timing npm:load Completed in 54ms
31 timing arborist:ctor Completed in 0ms
32 silly logfile start cleaning logs, removing 2 files
33 timing idealTree:init Completed in 29ms
34 timing idealTree:userRequests Completed in 1ms
35 silly idealTree buildDeps
36 silly fetch manifest @tensorflow/tfjs-node@*
37 silly logfile done cleaning log files
38 verbose shrinkwrap failed to load node_modules/.package-lock.json out of date, updated: node_modules
39 http fetch GET 200 https://registry.npmjs.org/@tensorflow%2ftfjs-node 1998ms (cache revalidated)
40 silly placeDep ROOT @tensorflow/tfjs-node@4.15.0 OK for: my-bodypix-project@1.0.0 want: *
41 silly fetch manifest @mapbox/node-pre-gyp@1.0.9
42 silly fetch manifest adm-zip@^0.5.2
43 silly fetch manifest google-protobuf@^3.9.2
44 silly fetch manifest https-proxy-agent@^2.2.1
45 silly fetch manifest progress@^2.0.0
46 silly fetch manifest rimraf@^2.6.2
47 silly fetch manifest tar@^4.4.6
48 http fetch GET 200 https://registry.npmjs.org/https-proxy-agent 97ms (cache revalidated)
49 http fetch GET 200 https://registry.npmjs.org/rimraf 368ms (cache revalidated)
50 http fetch GET 200 https://registry.npmjs.org/adm-zip 400ms (cache revalidated)
51 http fetch GET 200 https://registry.npmjs.org/@mapbox%2fnode-pre-gyp 450ms (cache revalidated)
52 http fetch GET 200 https://registry.npmjs.org/progress 496ms (cache revalidated)
53 http fetch GET 200 https://registry.npmjs.org/tar 669ms (cache revalidated)
54 http fetch GET 200 https://registry.npmjs.org/google-protobuf 1055ms (cache revalidated)
55 timing idealTree:#root Completed in 3076ms
56 silly placeDep ROOT @mapbox/node-pre-gyp@1.0.9 OK for: @tensorflow/tfjs-node@4.15.0 want: 1.0.9
57 silly fetch manifest detect-libc@^2.0.0
58 silly fetch manifest https-proxy-agent@^5.0.0
59 silly fetch manifest make-dir@^3.1.0
60 silly fetch manifest nopt@^5.0.0
61 silly fetch manifest npmlog@^5.0.1
62 silly fetch manifest rimraf@^3.0.2
63 silly fetch manifest semver@^7.3.5
64 silly fetch manifest tar@^6.1.11
65 silly placeDep ROOT adm-zip@0.5.10 OK for: @tensorflow/tfjs-node@4.15.0 want: ^0.5.2
66 silly placeDep ROOT google-protobuf@3.21.2 OK for: @tensorflow/tfjs-node@4.15.0 want: ^3.9.2
67 silly placeDep ROOT https-proxy-agent@2.2.4 OK for: @tensorflow/tfjs-node@4.15.0 want: ^2.2.1
68 silly fetch manifest agent-base@^4.3.0
69 silly fetch manifest debug@^3.1.0
70 silly placeDep ROOT progress@2.0.3 OK for: @tensorflow/tfjs-node@4.15.0 want: ^2.0.0
71 silly placeDep ROOT rimraf@2.7.1 OK for: @tensorflow/tfjs-node@4.15.0 want: ^2.6.2
72 silly fetch manifest glob@^7.1.3
73 silly placeDep ROOT tar@4.4.19 OK for: @tensorflow/tfjs-node@4.15.0 want: ^4.4.6
74 silly fetch manifest chownr@^1.1.4
75 silly fetch manifest fs-minipass@^1.2.7
76 silly fetch manifest minipass@^2.9.0
77 silly fetch manifest minizlib@^1.3.3
78 silly fetch manifest mkdirp@^0.5.5
79 silly fetch manifest yallist@^3.1.1
80 http fetch GET 200 https://registry.npmjs.org/debug 120ms (cache revalidated)
81 http fetch GET 200 https://registry.npmjs.org/npmlog 141ms (cache revalidated)
82 http fetch GET 200 https://registry.npmjs.org/nopt 145ms (cache revalidated)
83 http fetch GET 200 https://registry.npmjs.org/make-dir 148ms (cache revalidated)
84 http fetch GET 200 https://registry.npmjs.org/detect-libc 152ms (cache revalidated)
85 http fetch GET 200 https://registry.npmjs.org/chownr 131ms (cache revalidated)
86 http fetch GET 200 https://registry.npmjs.org/glob 135ms (cache revalidated)
87 http fetch GET 200 https://registry.npmjs.org/fs-minipass 384ms (cache revalidated)
88 http fetch GET 200 https://registry.npmjs.org/yallist 384ms (cache revalidated)
89 http fetch GET 200 https://registry.npmjs.org/semver 406ms (cache revalidated)
90 http fetch GET 200 https://registry.npmjs.org/agent-base 406ms (cache revalidated)
91 http fetch GET 200 https://registry.npmjs.org/minipass 400ms (cache revalidated)
92 http fetch GET 200 https://registry.npmjs.org/mkdirp 409ms (cache revalidated)
93 http fetch GET 200 https://registry.npmjs.org/minizlib 416ms (cache revalidated)
94 timing idealTree:node_modules/@tensorflow/tfjs-node Completed in 451ms
95 silly placeDep ROOT detect-libc@2.0.2 OK for: @mapbox/node-pre-gyp@1.0.9 want: ^2.0.0
96 silly placeDep node_modules/@mapbox/node-pre-gyp https-proxy-agent@5.0.1 OK for: @mapbox/node-pre-gyp@1.0.9 want: ^5.0.0
97 silly fetch manifest agent-base@6
98 silly fetch manifest debug@4
99 silly placeDep ROOT make-dir@3.1.0 OK for: @mapbox/node-pre-gyp@1.0.9 want: ^3.1.0
100 silly fetch manifest semver@^6.0.0
101 silly placeDep ROOT nopt@5.0.0 OK for: @mapbox/node-pre-gyp@1.0.9 want: ^5.0.0
102 silly fetch manifest abbrev@1
103 silly placeDep ROOT npmlog@5.0.1 OK for: @mapbox/node-pre-gyp@1.0.9 want: ^5.0.1
104 silly fetch manifest are-we-there-yet@^2.0.0
105 silly fetch manifest console-control-strings@^1.1.0
106 silly fetch manifest gauge@^3.0.0
107 silly fetch manifest set-blocking@^2.0.0
108 silly placeDep node_modules/@mapbox/node-pre-gyp rimraf@3.0.2 OK for: @mapbox/node-pre-gyp@1.0.9 want: ^3.0.2
109 silly placeDep ROOT semver@7.5.4 OK for: @mapbox/node-pre-gyp@1.0.9 want: ^7.3.5
110 silly fetch manifest lru-cache@^6.0.0
111 silly placeDep node_modules/@mapbox/node-pre-gyp tar@6.2.0 OK for: @mapbox/node-pre-gyp@1.0.9 want: ^6.1.11
112 silly fetch manifest chownr@^2.0.0
113 silly fetch manifest fs-minipass@^2.0.0
114 silly fetch manifest minipass@^5.0.0
115 silly fetch manifest minizlib@^2.1.1
116 silly fetch manifest mkdirp@^1.0.3
117 silly fetch manifest yallist@^4.0.0
118 http fetch GET 200 https://registry.npmjs.org/abbrev 117ms (cache revalidated)
119 http fetch GET 200 https://registry.npmjs.org/set-blocking 111ms (cache revalidated)
120 http fetch GET 200 https://registry.npmjs.org/are-we-there-yet 117ms (cache revalidated)
121 http fetch GET 200 https://registry.npmjs.org/lru-cache 109ms (cache revalidated)
122 http fetch GET 200 https://registry.npmjs.org/gauge 359ms (cache revalidated)
123 http fetch GET 200 https://registry.npmjs.org/console-control-strings 775ms (cache revalidated)
124 timing idealTree:node_modules/@mapbox/node-pre-gyp Completed in 803ms
125 timing idealTree:node_modules/adm-zip Completed in 0ms
126 timing idealTree:node_modules/detect-libc Completed in 0ms
127 timing idealTree:node_modules/google-protobuf Completed in 0ms
128 silly placeDep ROOT agent-base@4.3.0 OK for: https-proxy-agent@2.2.4 want: ^4.3.0
129 silly fetch manifest es6-promisify@^5.0.0
130 silly placeDep ROOT debug@3.2.7 OK for: https-proxy-agent@2.2.4 want: ^3.1.0
131 silly fetch manifest ms@^2.1.1
132 http fetch GET 200 https://registry.npmjs.org/ms 83ms (cache revalidated)
133 http fetch GET 200 https://registry.npmjs.org/es6-promisify 103ms (cache revalidated)
134 timing idealTree:node_modules/https-proxy-agent Completed in 112ms
135 silly placeDep ROOT es6-promisify@5.0.0 OK for: agent-base@4.3.0 want: ^5.0.0
136 silly fetch manifest es6-promise@^4.0.3
137 http fetch GET 200 https://registry.npmjs.org/es6-promise 75ms (cache revalidated)
138 timing idealTree:node_modules/agent-base Completed in 82ms
139 silly placeDep ROOT ms@2.1.3 OK for: debug@3.2.7 want: ^2.1.1
140 timing idealTree:node_modules/debug Completed in 3ms
141 silly placeDep ROOT es6-promise@4.2.8 OK for: es6-promisify@5.0.0 want: ^4.0.3
142 timing idealTree:node_modules/es6-promisify Completed in 4ms
143 timing idealTree:node_modules/es6-promise Completed in 0ms
144 silly placeDep node_modules/make-dir semver@6.3.1 OK for: make-dir@3.1.0 want: ^6.0.0
145 timing idealTree:node_modules/make-dir Completed in 4ms
146 timing idealTree:node_modules/ms Completed in 0ms
147 silly placeDep ROOT abbrev@1.1.1 OK for: nopt@5.0.0 want: 1
148 timing idealTree:node_modules/nopt Completed in 3ms
149 timing idealTree:node_modules/abbrev Completed in 0ms
150 silly placeDep ROOT are-we-there-yet@2.0.0 OK for: npmlog@5.0.1 want: ^2.0.0
151 silly fetch manifest delegates@^1.0.0
152 silly fetch manifest readable-stream@^3.6.0
153 silly placeDep ROOT console-control-strings@1.1.0 OK for: npmlog@5.0.1 want: ^1.1.0
154 silly placeDep ROOT gauge@3.0.2 OK for: npmlog@5.0.1 want: ^3.0.0
155 silly fetch manifest aproba@^1.0.3 || ^2.0.0
156 silly fetch manifest color-support@^1.1.2
157 silly fetch manifest has-unicode@^2.0.1
158 silly fetch manifest object-assign@^4.1.1
159 silly fetch manifest signal-exit@^3.0.0
160 silly fetch manifest wide-align@^1.1.2
161 silly placeDep ROOT set-blocking@2.0.0 OK for: npmlog@5.0.1 want: ^2.0.0
162 http fetch GET 200 https://registry.npmjs.org/signal-exit 105ms (cache revalidated)
163 http fetch GET 200 https://registry.npmjs.org/object-assign 109ms (cache revalidated)
164 http fetch GET 200 https://registry.npmjs.org/color-support 117ms (cache revalidated)
165 http fetch GET 200 https://registry.npmjs.org/wide-align 116ms (cache revalidated)
166 http fetch GET 200 https://registry.npmjs.org/readable-stream 140ms (cache revalidated)
167 http fetch GET 200 https://registry.npmjs.org/has-unicode 160ms (cache revalidated)
168 http fetch GET 200 https://registry.npmjs.org/delegates 318ms (cache revalidated)
169 http fetch GET 200 https://registry.npmjs.org/aproba 372ms (cache revalidated)
170 timing idealTree:node_modules/npmlog Completed in 392ms
171 silly placeDep ROOT delegates@1.0.0 OK for: are-we-there-yet@2.0.0 want: ^1.0.0
172 silly placeDep ROOT readable-stream@3.6.2 OK for: are-we-there-yet@2.0.0 want: ^3.6.0
173 silly fetch manifest inherits@^2.0.3
174 silly fetch manifest util-deprecate@^1.0.1
175 http fetch GET 200 https://registry.npmjs.org/inherits 81ms (cache revalidated)
176 http fetch GET 200 https://registry.npmjs.org/util-deprecate 92ms (cache revalidated)
177 timing idealTree:node_modules/are-we-there-yet Completed in 103ms
178 timing idealTree:node_modules/console-control-strings Completed in 0ms
179 timing idealTree:node_modules/delegates Completed in 0ms
180 silly placeDep ROOT aproba@2.0.0 OK for: gauge@3.0.2 want: ^1.0.3 || ^2.0.0
181 silly placeDep ROOT color-support@1.1.3 OK for: gauge@3.0.2 want: ^1.1.2
182 silly placeDep ROOT has-unicode@2.0.1 OK for: gauge@3.0.2 want: ^2.0.1
183 silly placeDep ROOT object-assign@4.1.1 OK for: gauge@3.0.2 want: ^4.1.1
184 silly placeDep ROOT signal-exit@3.0.7 OK for: gauge@3.0.2 want: ^3.0.0
185 silly placeDep ROOT wide-align@1.1.5 OK for: gauge@3.0.2 want: ^1.1.2
186 timing idealTree:node_modules/gauge Completed in 15ms
187 timing idealTree:node_modules/aproba Completed in 0ms
188 timing idealTree:node_modules/color-support Completed in 0ms
189 timing idealTree:node_modules/has-unicode Completed in 0ms
190 timing idealTree:node_modules/object-assign Completed in 0ms
191 timing idealTree:node_modules/progress Completed in 0ms
192 silly placeDep ROOT inherits@2.0.4 OK for: readable-stream@3.6.2 want: ^2.0.3
193 silly placeDep ROOT util-deprecate@1.0.2 OK for: readable-stream@3.6.2 want: ^1.0.1
194 timing idealTree:node_modules/readable-stream Completed in 5ms
195 timing idealTree:node_modules/inherits Completed in 0ms
196 silly placeDep ROOT glob@7.2.3 OK for: rimraf@2.7.1 want: ^7.1.3
197 silly fetch manifest fs.realpath@^1.0.0
198 silly fetch manifest inflight@^1.0.4
199 silly fetch manifest minimatch@^3.1.1
200 silly fetch manifest once@^1.3.0
201 silly fetch manifest path-is-absolute@^1.0.0
202 http fetch GET 200 https://registry.npmjs.org/fs.realpath 99ms (cache revalidated)
203 http fetch GET 200 https://registry.npmjs.org/minimatch 98ms (cache revalidated)
204 http fetch GET 200 https://registry.npmjs.org/once 102ms (cache revalidated)
205 http fetch GET 200 https://registry.npmjs.org/path-is-absolute 104ms (cache revalidated)
206 http fetch GET 200 https://registry.npmjs.org/inflight 112ms (cache revalidated)
207 timing idealTree:node_modules/rimraf Completed in 119ms
208 silly placeDep ROOT fs.realpath@1.0.0 OK for: glob@7.2.3 want: ^1.0.0
209 silly placeDep ROOT inflight@1.0.6 OK for: glob@7.2.3 want: ^1.0.4
210 silly fetch manifest wrappy@1
211 silly placeDep ROOT minimatch@3.1.2 OK for: glob@7.2.3 want: ^3.1.1
212 silly fetch manifest brace-expansion@^1.1.7
213 silly placeDep ROOT once@1.4.0 OK for: glob@7.2.3 want: ^1.3.0
214 silly placeDep ROOT path-is-absolute@1.0.1 OK for: glob@7.2.3 want: ^1.0.0
215 http fetch GET 200 https://registry.npmjs.org/brace-expansion 87ms (cache revalidated)
216 http fetch GET 200 https://registry.npmjs.org/wrappy 94ms (cache revalidated)
217 timing idealTree:node_modules/glob Completed in 104ms
218 timing idealTree:node_modules/fs.realpath Completed in 0ms
219 silly placeDep ROOT wrappy@1.0.2 OK for: inflight@1.0.6 want: 1
220 timing idealTree:node_modules/inflight Completed in 3ms
221 silly placeDep ROOT brace-expansion@1.1.11 OK for: minimatch@3.1.2 want: ^1.1.7
222 silly fetch manifest balanced-match@^1.0.0
223 silly fetch manifest concat-map@0.0.1
224 http fetch GET 200 https://registry.npmjs.org/balanced-match 82ms (cache revalidated)
225 http fetch GET 200 https://registry.npmjs.org/concat-map 87ms (cache revalidated)
226 timing idealTree:node_modules/minimatch Completed in 94ms
227 silly placeDep ROOT balanced-match@1.0.2 OK for: brace-expansion@1.1.11 want: ^1.0.0
228 silly placeDep ROOT concat-map@0.0.1 OK for: brace-expansion@1.1.11 want: 0.0.1
229 timing idealTree:node_modules/brace-expansion Completed in 5ms
230 timing idealTree:node_modules/balanced-match Completed in 0ms
231 timing idealTree:node_modules/concat-map Completed in 0ms
232 timing idealTree:node_modules/once Completed in 0ms
233 timing idealTree:node_modules/path-is-absolute Completed in 0ms
234 silly placeDep ROOT lru-cache@6.0.0 OK for: semver@7.5.4 want: ^6.0.0
235 timing idealTree:node_modules/semver Completed in 2ms
236 silly placeDep ROOT yallist@4.0.0 OK for: lru-cache@6.0.0 want: ^4.0.0
237 timing idealTree:node_modules/lru-cache Completed in 3ms
238 timing idealTree:node_modules/set-blocking Completed in 0ms
239 timing idealTree:node_modules/signal-exit Completed in 0ms
240 silly placeDep ROOT chownr@1.1.4 OK for: tar@4.4.19 want: ^1.1.4
241 silly placeDep ROOT fs-minipass@1.2.7 OK for: tar@4.4.19 want: ^1.2.7
242 silly fetch manifest minipass@^2.6.0
243 silly placeDep ROOT minipass@2.9.0 OK for: tar@4.4.19 want: ^2.9.0
244 silly fetch manifest yallist@^3.0.0
245 silly placeDep ROOT minizlib@1.3.3 OK for: tar@4.4.19 want: ^1.3.3
246 silly placeDep ROOT mkdirp@0.5.6 OK for: tar@4.4.19 want: ^0.5.5
247 silly fetch manifest minimist@^1.2.6
248 silly placeDep node_modules/tar yallist@3.1.1 OK for: tar@4.4.19 want: ^3.1.1
249 http fetch GET 200 https://registry.npmjs.org/minimist 80ms (cache revalidated)
250 timing idealTree:node_modules/tar Completed in 98ms
251 timing idealTree:node_modules/chownr Completed in 0ms
252 timing idealTree:node_modules/fs-minipass Completed in 0ms
253 silly placeDep node_modules/minipass yallist@3.1.1 OK for: minipass@2.9.0 want: ^3.0.0
254 timing idealTree:node_modules/minipass Completed in 4ms
255 timing idealTree:node_modules/minizlib Completed in 0ms
256 silly placeDep ROOT minimist@1.2.8 OK for: mkdirp@0.5.6 want: ^1.2.6
257 timing idealTree:node_modules/mkdirp Completed in 3ms
258 timing idealTree:node_modules/minimist Completed in 0ms
259 timing idealTree:node_modules/util-deprecate Completed in 0ms
260 timing idealTree:node_modules/wide-align Completed in 0ms
261 timing idealTree:node_modules/wrappy Completed in 0ms
262 timing idealTree:node_modules/yallist Completed in 0ms
263 silly placeDep node_modules/@mapbox/node-pre-gyp agent-base@6.0.2 OK for: https-proxy-agent@5.0.1 want: 6
264 silly placeDep node_modules/@mapbox/node-pre-gyp debug@4.3.4 OK for: https-proxy-agent@5.0.1 want: 4
265 silly fetch manifest ms@2.1.2
266 timing idealTree:node_modules/@mapbox/node-pre-gyp/node_modules/https-proxy-agent Completed in 9ms
267 timing idealTree:node_modules/@mapbox/node-pre-gyp/node_modules/agent-base Completed in 0ms
268 silly placeDep node_modules/@mapbox/node-pre-gyp ms@2.1.2 OK for: debug@4.3.4 want: 2.1.2
269 timing idealTree:node_modules/@mapbox/node-pre-gyp/node_modules/debug Completed in 2ms
270 timing idealTree:node_modules/@mapbox/node-pre-gyp/node_modules/ms Completed in 1ms
271 timing idealTree:node_modules/@mapbox/node-pre-gyp/node_modules/rimraf Completed in 0ms
272 silly placeDep node_modules/@mapbox/node-pre-gyp chownr@2.0.0 OK for: tar@6.2.0 want: ^2.0.0
273 silly placeDep node_modules/@mapbox/node-pre-gyp fs-minipass@2.1.0 OK for: tar@6.2.0 want: ^2.0.0
274 silly fetch manifest minipass@^3.0.0
275 silly placeDep node_modules/@mapbox/node-pre-gyp minipass@5.0.0 OK for: tar@6.2.0 want: ^5.0.0
276 silly placeDep node_modules/@mapbox/node-pre-gyp minizlib@2.1.2 OK for: tar@6.2.0 want: ^2.1.1
277 silly placeDep node_modules/@mapbox/node-pre-gyp mkdirp@1.0.4 OK for: tar@6.2.0 want: ^1.0.3
278 timing idealTree:node_modules/@mapbox/node-pre-gyp/node_modules/tar Completed in 16ms
279 timing idealTree:node_modules/@mapbox/node-pre-gyp/node_modules/chownr Completed in 0ms
280 silly placeDep node_modules/@mapbox/node-pre-gyp/node_modules/fs-minipass minipass@3.3.6 OK for: fs-minipass@2.1.0 want: ^3.0.0
281 timing idealTree:node_modules/@mapbox/node-pre-gyp/node_modules/fs-minipass Completed in 3ms
282 timing idealTree:node_modules/@mapbox/node-pre-gyp/node_modules/minipass Completed in 0ms
283 silly placeDep node_modules/@mapbox/node-pre-gyp/node_modules/minizlib minipass@3.3.6 OK for: minizlib@2.1.2 want: ^3.0.0
284 timing idealTree:node_modules/@mapbox/node-pre-gyp/node_modules/minizlib Completed in 2ms
285 timing idealTree:node_modules/@mapbox/node-pre-gyp/node_modules/mkdirp Completed in 0ms
286 timing idealTree:node_modules/make-dir/node_modules/semver Completed in 0ms
287 timing idealTree:node_modules/minipass/node_modules/yallist Completed in 0ms
288 timing idealTree:node_modules/tar/node_modules/yallist Completed in 0ms
289 timing idealTree:node_modules/@mapbox/node-pre-gyp/node_modules/fs-minipass/node_modules/minipass Completed in 0ms
290 timing idealTree:node_modules/@mapbox/node-pre-gyp/node_modules/minizlib/node_modules/minipass Completed in 0ms
291 timing idealTree:buildDeps Completed in 5531ms
292 timing idealTree:fixDepFlags Completed in 1ms
293 timing idealTree Completed in 5563ms
294 timing reify:loadTrees Completed in 5564ms
295 timing reify:diffTrees Completed in 3ms
296 silly reify mark retired [ 'E:\\my-bodypix-project\\node_modules\\@tensorflow\\tfjs-node' ]
297 silly reify moves {
297 silly reify   'E:\\my-bodypix-project\\node_modules\\@tensorflow\\tfjs-node': 'E:\\my-bodypix-project\\node_modules\\@tensorflow\\.tfjs-node-MtcYgKln'
297 silly reify }
298 timing reify:retireShallow Completed in 6ms
299 timing reify:createSparse Completed in 19ms
300 timing reify:loadBundles Completed in 0ms
301 silly audit bulk request {
301 silly audit   '@tensorflow-models/body-pix': [ '2.2.1' ],
301 silly audit   '@tensorflow/tfjs': [ '4.15.0' ],
301 silly audit   '@tensorflow/tfjs-backend-cpu': [ '4.15.0' ],
301 silly audit   '@tensorflow/tfjs-backend-webgl': [ '4.15.0' ],
301 silly audit   '@tensorflow/tfjs-converter': [ '4.15.0' ],
301 silly audit   '@tensorflow/tfjs-core': [ '4.15.0' ],
301 silly audit   '@types/offscreencanvas': [ '2019.7.3', '2019.3.0' ],
301 silly audit   '@tensorflow/tfjs-data': [ '4.15.0' ],
301 silly audit   '@tensorflow/tfjs-layers': [ '4.15.0' ],
301 silly audit   '@types/long': [ '4.0.2' ],
301 silly audit   '@types/node': [ '20.10.4' ],
301 silly audit   '@types/node-fetch': [ '2.6.9' ],
301 silly audit   '@types/seedrandom': [ '2.4.34' ],
301 silly audit   '@webgpu/types': [ '0.1.38' ],
301 silly audit   'ansi-regex': [ '5.0.1' ],
301 silly audit   'ansi-styles': [ '4.3.0' ],
301 silly audit   argparse: [ '1.0.10' ],
301 silly audit   asynckit: [ '0.4.0' ],
301 silly audit   chalk: [ '4.1.2' ],
301 silly audit   cliui: [ '7.0.4' ],
301 silly audit   'color-convert': [ '2.0.1' ],
301 silly audit   'color-name': [ '1.1.4' ],
301 silly audit   'combined-stream': [ '1.0.8' ],
301 silly audit   'core-js': [ '3.29.1' ],
301 silly audit   'delayed-stream': [ '1.0.0' ],
301 silly audit   'emoji-regex': [ '8.0.0' ],
301 silly audit   escalade: [ '3.1.1' ],
301 silly audit   'form-data': [ '4.0.0' ],
301 silly audit   'get-caller-file': [ '2.0.5' ],
301 silly audit   'has-flag': [ '4.0.0' ],
301 silly audit   'is-fullwidth-code-point': [ '3.0.0' ],
301 silly audit   long: [ '4.0.0' ],
301 silly audit   'mime-db': [ '1.52.0' ],
301 silly audit   'mime-types': [ '2.1.35' ],
301 silly audit   'node-fetch': [ '2.6.13' ],
301 silly audit   'regenerator-runtime': [ '0.13.11' ],
301 silly audit   'require-directory': [ '2.1.1' ],
301 silly audit   'safe-buffer': [ '5.2.1' ],
301 silly audit   seedrandom: [ '3.0.5' ],
301 silly audit   'sprintf-js': [ '1.0.3' ],
301 silly audit   string_decoder: [ '1.3.0' ],
301 silly audit   'string-width': [ '4.2.3' ],
301 silly audit   'strip-ansi': [ '6.0.1' ],
301 silly audit   'supports-color': [ '7.2.0' ],
301 silly audit   tr46: [ '0.0.3' ],
301 silly audit   'undici-types': [ '5.26.5' ],
301 silly audit   'webidl-conversions': [ '3.0.1' ],
301 silly audit   'whatwg-url': [ '5.0.0' ],
301 silly audit   'wrap-ansi': [ '7.0.0' ],
301 silly audit   y18n: [ '5.0.8' ],
301 silly audit   yargs: [ '16.2.0' ],
301 silly audit   'yargs-parser': [ '20.2.9' ],
301 silly audit   '@tensorflow/tfjs-node': [ '4.15.0' ],
301 silly audit   '@mapbox/node-pre-gyp': [ '1.0.9' ],
301 silly audit   'adm-zip': [ '0.5.10' ],
301 silly audit   'google-protobuf': [ '3.21.2' ],
301 silly audit   'https-proxy-agent': [ '2.2.4', '5.0.1' ],
301 silly audit   progress: [ '2.0.3' ],
301 silly audit   rimraf: [ '2.7.1', '3.0.2' ],
301 silly audit   tar: [ '4.4.19', '6.2.0' ],
301 silly audit   'detect-libc': [ '2.0.2' ],
301 silly audit   'make-dir': [ '3.1.0' ],
301 silly audit   nopt: [ '5.0.0' ],
301 silly audit   npmlog: [ '5.0.1' ],
301 silly audit   semver: [ '7.5.4', '6.3.1' ],
301 silly audit   'agent-base': [ '4.3.0', '6.0.2' ],
301 silly audit   debug: [ '3.2.7', '4.3.4' ],
301 silly audit   'es6-promisify': [ '5.0.0' ],
301 silly audit   ms: [ '2.1.3', '2.1.2' ],
301 silly audit   'es6-promise': [ '4.2.8' ],
301 silly audit   abbrev: [ '1.1.1' ],
301 silly audit   'are-we-there-yet': [ '2.0.0' ],
301 silly audit   'console-control-strings': [ '1.1.0' ],
301 silly audit   gauge: [ '3.0.2' ],
301 silly audit   'set-blocking': [ '2.0.0' ],
301 silly audit   delegates: [ '1.0.0' ],
301 silly audit   'readable-stream': [ '3.6.2' ],
301 silly audit   aproba: [ '2.0.0' ],
301 silly audit   'color-support': [ '1.1.3' ],
301 silly audit   'has-unicode': [ '2.0.1' ],
301 silly audit   'object-assign': [ '4.1.1' ],
301 silly audit   'signal-exit': [ '3.0.7' ],
301 silly audit   'wide-align': [ '1.1.5' ],
301 silly audit   inherits: [ '2.0.4' ],
301 silly audit   'util-deprecate': [ '1.0.2' ],
301 silly audit   glob: [ '7.2.3' ],
301 silly audit   'fs.realpath': [ '1.0.0' ],
301 silly audit   inflight: [ '1.0.6' ],
301 silly audit   minimatch: [ '3.1.2' ],
301 silly audit   once: [ '1.4.0' ],
301 silly audit   'path-is-absolute': [ '1.0.1' ],
301 silly audit   wrappy: [ '1.0.2' ],
301 silly audit   'brace-expansion': [ '1.1.11' ],
301 silly audit   'balanced-match': [ '1.0.2' ],
301 silly audit   'concat-map': [ '0.0.1' ],
301 silly audit   'lru-cache': [ '6.0.0' ],
301 silly audit   yallist: [ '4.0.0', '3.1.1' ],
301 silly audit   chownr: [ '1.1.4', '2.0.0' ],
301 silly audit   'fs-minipass': [ '1.2.7', '2.1.0' ],
301 silly audit   minipass: [ '2.9.0', '5.0.0', '3.3.6' ],
301 silly audit   minizlib: [ '1.3.3', '2.1.2' ],
301 silly audit   mkdirp: [ '0.5.6', '1.0.4' ],
301 silly audit   minimist: [ '1.2.8' ]
301 silly audit }
302 timing reifyNode:node_modules/fs-minipass Completed in 180ms
303 timing reifyNode:node_modules/chownr Completed in 181ms
304 timing reifyNode:node_modules/brace-expansion Completed in 180ms
305 timing reifyNode:node_modules/wrappy Completed in 180ms
306 timing reifyNode:node_modules/once Completed in 181ms
307 timing reifyNode:node_modules/path-is-absolute Completed in 181ms
308 timing reifyNode:node_modules/object-assign Completed in 182ms
309 timing reifyNode:node_modules/inflight Completed in 182ms
310 timing reifyNode:node_modules/abbrev Completed in 182ms
311 timing reifyNode:node_modules/has-unicode Completed in 182ms
312 timing reifyNode:node_modules/wide-align Completed in 182ms
313 timing reifyNode:node_modules/ms Completed in 183ms
314 timing reifyNode:node_modules/@mapbox/node-pre-gyp/node_modules/chownr Completed in 182ms
315 timing reifyNode:node_modules/minipass Completed in 185ms
316 timing reifyNode:node_modules/@mapbox/node-pre-gyp/node_modules/ms Completed in 183ms
317 timing reifyNode:node_modules/lru-cache Completed in 186ms
318 timing reifyNode:node_modules/es6-promisify Completed in 185ms
319 timing reifyNode:node_modules/npmlog Completed in 185ms
320 timing reifyNode:node_modules/@mapbox/node-pre-gyp/node_modules/fs-minipass Completed in 186ms
321 timing reifyNode:node_modules/minimatch Completed in 187ms
322 timing reifyNode:node_modules/minizlib Completed in 190ms
323 timing reifyNode:node_modules/inherits Completed in 190ms
324 timing reifyNode:node_modules/signal-exit Completed in 190ms
325 timing reifyNode:node_modules/set-blocking Completed in 190ms
326 timing reifyNode:node_modules/console-control-strings Completed in 190ms
327 timing reifyNode:node_modules/aproba Completed in 190ms
328 timing reifyNode:node_modules/make-dir Completed in 189ms
329 timing reifyNode:node_modules/yallist Completed in 192ms
330 timing reifyNode:node_modules/balanced-match Completed in 191ms
331 timing reifyNode:node_modules/fs.realpath Completed in 192ms
332 timing reifyNode:node_modules/rimraf Completed in 191ms
333 timing reifyNode:node_modules/minipass/node_modules/yallist Completed in 193ms
334 timing reifyNode:node_modules/tar/node_modules/yallist Completed in 192ms
335 timing reifyNode:node_modules/@mapbox/node-pre-gyp/node_modules/minizlib Completed in 192ms
336 timing reifyNode:node_modules/@mapbox/node-pre-gyp/node_modules/minizlib/node_modules/minipass Completed in 193ms
337 timing reifyNode:node_modules/util-deprecate Completed in 194ms
338 timing reifyNode:node_modules/color-support Completed in 195ms
339 timing reifyNode:node_modules/@mapbox/node-pre-gyp/node_modules/fs-minipass/node_modules/minipass Completed in 194ms
340 timing reifyNode:node_modules/mkdirp Completed in 197ms
341 timing reifyNode:node_modules/@mapbox/node-pre-gyp/node_modules/rimraf Completed in 195ms
342 timing reifyNode:node_modules/glob Completed in 200ms
343 timing reifyNode:node_modules/nopt Completed in 200ms
344 timing reifyNode:node_modules/@mapbox/node-pre-gyp/node_modules/minipass Completed in 202ms
345 timing reifyNode:node_modules/https-proxy-agent Completed in 202ms
346 timing reifyNode:node_modules/make-dir/node_modules/semver Completed in 203ms
347 timing reifyNode:node_modules/concat-map Completed in 205ms
348 timing reifyNode:node_modules/detect-libc Completed in 203ms
349 timing reifyNode:node_modules/progress Completed in 203ms
350 timing reifyNode:node_modules/@mapbox/node-pre-gyp/node_modules/debug Completed in 204ms
351 timing reifyNode:node_modules/delegates Completed in 206ms
352 timing reifyNode:node_modules/are-we-there-yet Completed in 208ms
353 timing reifyNode:node_modules/debug Completed in 209ms
354 timing reifyNode:node_modules/agent-base Completed in 212ms
355 timing reifyNode:node_modules/@mapbox/node-pre-gyp/node_modules/agent-base Completed in 215ms
356 timing reifyNode:node_modules/@mapbox/node-pre-gyp/node_modules/https-proxy-agent Completed in 217ms
357 timing reifyNode:node_modules/@mapbox/node-pre-gyp/node_modules/mkdirp Completed in 219ms
358 http fetch POST 200 https://registry.npmjs.org/-/npm/v1/security/advisories/bulk 240ms
359 timing auditReport:getReport Completed in 245ms
360 silly audit report {}
361 timing auditReport:init Completed in 0ms
362 timing reify:audit Completed in 246ms
363 timing reifyNode:node_modules/gauge Completed in 239ms
364 timing reifyNode:node_modules/adm-zip Completed in 240ms
365 timing reifyNode:node_modules/minimist Completed in 250ms
366 timing reifyNode:node_modules/readable-stream Completed in 253ms
367 timing reifyNode:node_modules/tar Completed in 257ms
368 timing reifyNode:node_modules/google-protobuf Completed in 261ms
369 timing reifyNode:node_modules/@mapbox/node-pre-gyp/node_modules/tar Completed in 263ms
370 timing reifyNode:node_modules/es6-promise Completed in 264ms
371 timing reifyNode:node_modules/@mapbox/node-pre-gyp Completed in 265ms
372 timing reifyNode:node_modules/semver Completed in 276ms
373 timing reifyNode:node_modules/@tensorflow/tfjs-node Completed in 1097ms
374 timing reify:unpack Completed in 1100ms
375 timing reify:unretire Completed in 0ms
376 timing build:queue Completed in 6ms
377 timing build:link:node_modules/color-support Completed in 19ms
378 timing build:link:node_modules/@mapbox/node-pre-gyp Completed in 20ms
379 timing build:link:node_modules/make-dir/node_modules/semver Completed in 17ms
380 timing build:link:node_modules/@mapbox/node-pre-gyp/node_modules/mkdirp Completed in 17ms
381 timing build:link:node_modules/mkdirp Completed in 18ms
382 timing build:link:node_modules/semver Completed in 18ms
383 timing build:link:node_modules/nopt Completed in 18ms
384 timing build:link:node_modules/@mapbox/node-pre-gyp/node_modules/rimraf Completed in 17ms
385 timing build:link:node_modules/rimraf Completed in 19ms
386 timing build:link Completed in 21ms
387 info run @tensorflow/tfjs-node@4.15.0 install node_modules/@tensorflow/tfjs-node node scripts/install.js
388 info run @tensorflow/tfjs-node@4.15.0 install { code: 1, signal: null }
389 warn cleanup Failed to remove some directories [
389 warn cleanup   [
389 warn cleanup     'E:\\my-bodypix-project\\node_modules\\@tensorflow\\tfjs-node',
389 warn cleanup     [Error: EPERM: operation not permitted, rmdir 'E:\my-bodypix-project\node_modules\@tensorflow\tfjs-node\build-tmp-napi-v8\Release\obj\action_after_build\action_a.04A9EB1F.tlog'] {
389 warn cleanup       errno: -4048,
389 warn cleanup       code: 'EPERM',
389 warn cleanup       syscall: 'rmdir',
389 warn cleanup       path: 'E:\\my-bodypix-project\\node_modules\\@tensorflow\\tfjs-node\\build-tmp-napi-v8\\Release\\obj\\action_after_build\\action_a.04A9EB1F.tlog'
389 warn cleanup     }
389 warn cleanup   ]
389 warn cleanup ]
390 timing reify:rollback:createSparse Completed in 134ms
391 timing reify:rollback:retireShallow Completed in 0ms
392 timing command:install Completed in 26491ms
393 verbose stack Error: command failed
393 verbose stack     at ChildProcess.<anonymous> (C:\Users\shiys_w\AppData\Roaming\npm\node_modules\npm\node_modules\@npmcli\promise-spawn\lib\index.js:53:27)
393 verbose stack     at ChildProcess.emit (node:events:514:28)
393 verbose stack     at maybeClose (node:internal/child_process:1105:16)
393 verbose stack     at ChildProcess._handle.onexit (node:internal/child_process:305:5)
394 verbose pkgid @tensorflow/tfjs-node@4.15.0
395 verbose cwd E:\my-bodypix-project
396 verbose Windows_NT 10.0.19045
397 verbose node v20.10.0
398 verbose npm  v10.2.5
399 error code 1
400 error path E:\my-bodypix-project\node_modules\@tensorflow\tfjs-node
401 error command failed
402 error command C:\Windows\system32\cmd.exe /d /s /c node scripts/install.js
403 error CPU-windows-4.15.0.zip
403 error https://storage.googleapis.com/tensorflow/libtensorflow/libtensorflow-cpu-windows-x86_64-2.9.1.zip
404 error * Downloading libtensorflow
404 error
404 error * Building TensorFlow Node.js bindings
404 error symlink ./lib/napi-v9 failed:  Error: Command failed: node scripts/deps-stage.js symlink ./lib/napi-v9
404 error   * Symlink of lib\napi-v9\tensorflow.dll failed, creating a copy on disk.
404 error node:internal/process/promises:289
404 error             triggerUncaughtException(err, true /* fromPromise */);
404 error             ^
404 error
404 error [Error: ENOENT: no such file or directory, copyfile 'E:\my-bodypix-project\node_modules\@tensorflow\tfjs-node\deps\lib\tensorflow.dll' -> 'E:\my-bodypix-project\node_modules\@tensorflow\tfjs-node\lib\napi-v9\tensorflow.dll'] {
404 error   errno: -4058,
404 error   code: 'ENOENT',
404 error   syscall: 'copyfile',
404 error   path: 'E:\\my-bodypix-project\\node_modules\\@tensorflow\\tfjs-node\\deps\\lib\\tensorflow.dll',
404 error   dest: 'E:\\my-bodypix-project\\node_modules\\@tensorflow\\tfjs-node\\lib\\napi-v9\\tensorflow.dll'
404 error }
404 error
404 error Node.js v20.10.0
404 error
404 error     at ChildProcess.exithandler (node:child_process:422:12)
404 error     at ChildProcess.emit (node:events:514:28)
404 error     at maybeClose (node:internal/child_process:1105:16)
404 error     at ChildProcess._handle.onexit (node:internal/child_process:305:5) {
404 error   code: 1,
404 error   killed: false,
404 error   signal: null,
404 error   cmd: 'node scripts/deps-stage.js symlink ./lib/napi-v9'
404 error }
405 verbose exit 1
406 timing npm Completed in 26900ms
407 verbose unfinished npm timer reify 1702534943365
408 verbose unfinished npm timer reify:build 1702534950079
409 verbose unfinished npm timer build 1702534950080
410 verbose unfinished npm timer build:deps 1702534950080
411 verbose unfinished npm timer build:run:install 1702534950108
412 verbose unfinished npm timer build:run:install:node_modules/@tensorflow/tfjs-node 1702534950109
413 verbose code 1
414 error A complete log of this run can be found in: C:\Users\shiys_w\AppData\Local\npm-cache\_logs\2023-12-14T06_22_23_023Z-debug-0.log
